<?xml version="1.0" encoding="UTF-8"?>
<!-- Generated by org.testng.reporters.JUnitReportReporter -->
<testsuite hostname="NAMALOOM.local" failures="0" tests="1" name="tests.BaseClass" time="9.636" errors="0" timestamp="2024-03-03T04:45:40 EST" skipped="0">
  <testcase classname="tests.BaseClass" name="sampleTest" time="9.636"/>
</testsuite> <!-- tests.BaseClass -->
